<?xml version="1.0" encoding="UTF-8" standalone="yes"?>
<ns2:test-suite start="1536013180100" stop="1536013255284" version="1.5.4" xmlns:ns2="urn:model.allure.qatools.yandex.ru">
    <name>POPTests.POPTest</name>
    <test-cases>
        <test-case start="1536013180475" stop="1536013202736" status="passed">
            <name>addToCartFromQuickView</name>
            <steps/>
            <attachments/>
            <labels>
                <label name="host" value="DESKTOP-78600G5"/>
                <label name="thread" value="14188@DESKTOP-78600G5.main(1)"/>
            </labels>
        </test-case>
        <test-case start="1536013202755" stop="1536013219986" status="failed">
            <name>checkSocialMediaPageTitle</name>
            <failure>
                <message>AssertionError: Page Title does not contain google plus</message>
                <stack-trace>java.lang.AssertionError: Page Title does not contain google plus
	at org.junit.Assert.fail(Assert.java:88)
	at org.junit.Assert.assertTrue(Assert.java:41)
	at POPTests.POPTest.checkSocialMediaPageTitle(POPTest.java:50)
	at sun.reflect.NativeMethodAccessorImpl.invoke0(Native Method)
	at sun.reflect.NativeMethodAccessorImpl.invoke(NativeMethodAccessorImpl.java:62)
	at sun.reflect.DelegatingMethodAccessorImpl.invoke(DelegatingMethodAccessorImpl.java:43)
	at java.lang.reflect.Method.invoke(Method.java:498)
	at org.junit.runners.model.FrameworkMethod$1.runReflectiveCall(FrameworkMethod.java:50)
	at org.junit.internal.runners.model.ReflectiveCallable.run(ReflectiveCallable.java:12)
	at org.junit.runners.model.FrameworkMethod.invokeExplosively(FrameworkMethod.java:47)
	at org.junit.internal.runners.statements.InvokeMethod.evaluate(InvokeMethod.java:17)
	at org.junit.internal.runners.statements.RunBefores.evaluate(RunBefores.java:26)
	at org.junit.internal.runners.statements.RunAfters.evaluate(RunAfters.java:27)
	at org.junit.runners.ParentRunner.runLeaf(ParentRunner.java:325)
	at org.junit.runners.BlockJUnit4ClassRunner.runChild(BlockJUnit4ClassRunner.java:78)
	at org.junit.runners.BlockJUnit4ClassRunner.runChild(BlockJUnit4ClassRunner.java:57)
	at org.junit.runners.ParentRunner$3.run(ParentRunner.java:290)
	at org.junit.runners.ParentRunner$1.schedule(ParentRunner.java:71)
	at org.junit.runners.ParentRunner.runChildren(ParentRunner.java:288)
	at org.junit.runners.ParentRunner.access$000(ParentRunner.java:58)
	at org.junit.runners.ParentRunner$2.evaluate(ParentRunner.java:268)
	at org.junit.runners.ParentRunner.run(ParentRunner.java:363)
	at org.apache.maven.surefire.junit4.JUnit4Provider.execute(JUnit4Provider.java:367)
	at org.apache.maven.surefire.junit4.JUnit4Provider.executeWithRerun(JUnit4Provider.java:274)
	at org.apache.maven.surefire.junit4.JUnit4Provider.executeTestSet(JUnit4Provider.java:238)
	at org.apache.maven.surefire.junit4.JUnit4Provider.invoke(JUnit4Provider.java:161)
	at org.apache.maven.surefire.booter.ForkedBooter.invokeProviderInSameClassLoader(ForkedBooter.java:290)
	at org.apache.maven.surefire.booter.ForkedBooter.runSuitesInProcess(ForkedBooter.java:242)
	at org.apache.maven.surefire.booter.ForkedBooter.main(ForkedBooter.java:121)
</stack-trace>
            </failure>
            <steps/>
            <attachments/>
            <labels>
                <label name="host" value="DESKTOP-78600G5"/>
                <label name="thread" value="14188@DESKTOP-78600G5.main(1)"/>
            </labels>
        </test-case>
        <test-case start="1536013219986" stop="1536013244304" status="passed">
            <name>orderWithLogIn</name>
            <steps/>
            <attachments/>
            <labels>
                <label name="host" value="DESKTOP-78600G5"/>
                <label name="thread" value="14188@DESKTOP-78600G5.main(1)"/>
            </labels>
        </test-case>
        <test-case start="1536013244304" stop="1536013255284" status="passed">
            <name>checkIfPasswordInputIsActive</name>
            <steps/>
            <attachments/>
            <labels>
                <label name="host" value="DESKTOP-78600G5"/>
                <label name="thread" value="14188@DESKTOP-78600G5.main(1)"/>
            </labels>
        </test-case>
    </test-cases>
    <labels>
        <label name="framework" value="JUnit"/>
        <label name="language" value="JAVA"/>
    </labels>
</ns2:test-suite>
